<?xml version="1.0" encoding="UTF-8"?>
<testsuite xmlns:xsi="http://www.w3.org/2001/XMLSchema-instance" xsi:noNamespaceSchemaLocation="https://maven.apache.org/surefire/maven-surefire-plugin/xsd/surefire-test-report-3.0.xsd" version="3.0" name="system.audit.FindingServiceTest" time="0.955" tests="8" errors="0" skipped="0" failures="0">
  <properties>
[...]
</properties>
  <testcase name="saveFindingWithExistentName" classname="system.audit.FindingServiceTest" time="0.223"/>
  <testcase name="updateFindingWithNonExistentId" classname="system.audit.FindingServiceTest" time="0.022"/>
  <testcase name="findFindingIdWithCorrectScript" classname="system.audit.FindingServiceTest" time="0.006"/>
  <testcase name="saveFindingWithCorrectScript" classname="system.audit.FindingServiceTest" time="0.035">
    <system-out><![CDATA[18:51:38.765 [main] INFO system.audit.service.FindingServiceImpl -- Saved : Finding(id=1, findingName=78136ade-6, findingGradation=NC, findingText=862c90c6-f, rootCauseAnalysisDeadline=1842-07-03, proposedCorrectiveActions=d703b836-c, correctiveActionsImplementationDeadline=0695-05-23, correctiveActionsAcceptance=1670-05-27, correctiveActionsImplementationInformation=b3632791-1, correctiveActionsImplementationFactualDate=1050-05-08, findingClosureConfirmation=1221-05-01, files=[FindingDocumentFile(id=null, documentFileType=CORRECTIVE_ACTIONS, name=bb7d7704-, originalFilename=73, fileSize=0, contentType=bef049a1-, content=null), FindingDocumentFile(id=null, documentFileType=CORRECTIVE_ACTIONS, name=92b49, originalFilename=1e6ff40, fileSize=1, contentType=99a4d868, content=null), FindingDocumentFile(id=null, documentFileType=CORRECTIVE_ACTIONS, name=ee1eddd4-, originalFilename=291db7, fileSize=8, contentType=c697aa19-, content=null), FindingDocumentFile(id=null, documentFileType=CORRECTIVE_ACTIONS, name=8425208, originalFilename=874, fileSize=2, contentType=6, content=null), FindingDocumentFile(id=null, documentFileType=CORRECTIVE_ACTIONS, name=edef, originalFilename=b7f5a, fileSize=0, contentType=d3095549-, content=null)])
]]></system-out>
  </testcase>
  <testcase name="updateNameOfFindingToNonUniqueName" classname="system.audit.FindingServiceTest" time="0.015"/>
  <testcase name="updateFindingWithCorrectScript" classname="system.audit.FindingServiceTest" time="0.018">
    <system-out><![CDATA[18:51:38.824 [main] INFO system.audit.service.FindingServiceImpl -- Updated : Finding(id=1, findingName=55e560d7-f, findingGradation=NC, findingText=6bfed017-4, rootCauseAnalysisDeadline=1947-06-11, proposedCorrectiveActions=52f2e3dd-4, correctiveActionsImplementationDeadline=0523-10-02, correctiveActionsAcceptance=1088-08-17, correctiveActionsImplementationInformation=2167ad17-8, correctiveActionsImplementationFactualDate=1233-02-16, findingClosureConfirmation=1975-07-03, files=[FindingDocumentFile(id=null, documentFileType=CORRECTIVE_ACTIONS, name=47a8a1d, originalFilename=60e, fileSize=1, contentType=2360, content=null), FindingDocumentFile(id=null, documentFileType=CORRECTIVE_ACTIONS, name=5e2f82a, originalFilename=2, fileSize=2, contentType=0ad5aebe-, content=null), FindingDocumentFile(id=null, documentFileType=CORRECTIVE_ACTIONS, name=f85, originalFilename=b2, fileSize=0, contentType=c4, content=null), FindingDocumentFile(id=null, documentFileType=CORRECTIVE_ACTIONS, name=3, originalFilename=072c44f, fileSize=3, contentType=0e25c, content=null), FindingDocumentFile(id=null, documentFileType=CORRECTIVE_ACTIONS, name=b0d3708, originalFilename=ecd9f, fileSize=2, contentType=3ec, content=null), FindingDocumentFile(id=null, documentFileType=CORRECTIVE_ACTIONS, name=e5, originalFilename=128, fileSize=1, contentType=a, content=null), FindingDocumentFile(id=null, documentFileType=CORRECTIVE_ACTIONS, name=a802, originalFilename=4845, fileSize=6, contentType=c18a245, content=null), FindingDocumentFile(id=1, documentFileType=CORRECTIVE_ACTIONS, name=ec8f, originalFilename=d, fileSize=4, contentType=b49770a, content=null), FindingDocumentFile(id=1, documentFileType=CORRECTIVE_ACTIONS, name=4, originalFilename=4ddee8, fileSize=7, contentType=53, content=null), FindingDocumentFile(id=1, documentFileType=CORRECTIVE_ACTIONS, name=43cae1, originalFilename=0, fileSize=2, contentType=0cf02, content=null), FindingDocumentFile(id=1, documentFileType=CORRECTIVE_ACTIONS, name=b, originalFilename=4759, fileSize=5, contentType=8, content=null), FindingDocumentFile(id=1, documentFileType=CORRECTIVE_ACTIONS, name=3c, originalFilename=dd51, fileSize=8, contentType=5a, content=null), FindingDocumentFile(id=1, documentFileType=CORRECTIVE_ACTIONS, name=731900f, originalFilename=b77, fileSize=4, contentType=dc0, content=null), FindingDocumentFile(id=1, documentFileType=CORRECTIVE_ACTIONS, name=a763eb, originalFilename=9d00aeb, fileSize=0, contentType=6e, content=null)])
]]></system-out>
  </testcase>
  <testcase name="saveFindingWithNonExistentAuditId" classname="system.audit.FindingServiceTest" time="0.008"/>
  <testcase name="findFindingByIdWithNonExistentId" classname="system.audit.FindingServiceTest" time="0.009"/>
</testsuite>